{"level":"info","message":"Sistem testi başlatılıyor...","timestamp":"2025-06-17T11:28:23.466Z"}
{"level":"info","message":"Veritabanı bağlantısı test ediliyor...","timestamp":"2025-06-17T11:28:23.482Z"}
{"level":"error","message":"Veritabanı bağlantı hatası: SASL: SCRAM-SERVER-FIRST-MESSAGE: client password must be a string","timestamp":"2025-06-17T11:28:23.817Z"}
{"level":"info","message":"Veritabanı durumu: Bağlantı hatası","timestamp":"2025-06-17T11:28:23.843Z"}
{"level":"info","message":"Test kategorisi ekleniyor...","timestamp":"2025-06-17T11:28:23.848Z"}
{"level":"error","message":"Sistem testi sırasında hata: SASL: SCRAM-SERVER-FIRST-MESSAGE: client password must be a string","timestamp":"2025-06-17T11:28:24.068Z"}
{"level":"info","message":"Sistem testi başlatılıyor...","timestamp":"2025-06-17T12:03:28.636Z"}
{"level":"info","message":"Veritabanı bağlantısı test ediliyor...","timestamp":"2025-06-17T12:03:28.639Z"}
{"level":"error","message":"Sistem testi sırasında hata: SASL: SCRAM-SERVER-FIRST-MESSAGE: client password must be a string","timestamp":"2025-06-17T12:03:28.720Z"}
{"level":"info","message":"Sistem testi başlatılıyor...","timestamp":"2025-06-17T12:51:39.105Z"}
{"level":"info","message":"Veritabanı bağlantısı test ediliyor...","timestamp":"2025-06-17T12:51:39.110Z"}
{"level":"error","message":"Sistem testi sırasında hata: SASL: SCRAM-SERVER-FIRST-MESSAGE: client password must be a string","timestamp":"2025-06-17T12:51:39.216Z"}
{"level":"info","message":"Sistem testi başlatılıyor...","timestamp":"2025-06-17T12:52:21.321Z"}
{"level":"info","message":"Veritabanı bağlantısı test ediliyor...","timestamp":"2025-06-17T12:52:21.325Z"}
{"level":"error","message":"Sistem testi sırasında hata: SASL: SCRAM-SERVER-FIRST-MESSAGE: client password must be a string","timestamp":"2025-06-17T12:52:21.396Z"}
{"level":"info","message":"Sistem testi başlatılıyor...","timestamp":"2025-06-17T13:06:59.513Z"}
{"level":"info","message":"Veritabanı bağlantısı test ediliyor...","timestamp":"2025-06-17T13:06:59.516Z"}
{"level":"error","message":"Sistem testi sırasında hata: SASL: SCRAM-SERVER-FIRST-MESSAGE: client password must be a string","timestamp":"2025-06-17T13:06:59.569Z"}
{"level":"info","message":"Sistem testi başlatılıyor...","timestamp":"2025-06-17T13:07:38.152Z"}
{"level":"info","message":"Veritabanı bağlantısı test ediliyor...","timestamp":"2025-06-17T13:07:38.154Z"}
{"level":"error","message":"Sistem testi sırasında hata: SASL: SCRAM-SERVER-FIRST-MESSAGE: client password must be a string","timestamp":"2025-06-17T13:07:38.210Z"}
{"level":"info","message":"Sistem testi başlatılıyor...","timestamp":"2025-06-17T13:08:44.877Z"}
{"level":"info","message":"Veritabanı bağlantısı test ediliyor...","timestamp":"2025-06-17T13:08:44.879Z"}
{"level":"info","message":"Veritabanı bağlantısı başarılı","timestamp":"2025-06-17T13:08:44.939Z"}
{"level":"info","message":"Veritabanı durumu: Bağlantı başarılı","timestamp":"2025-06-17T13:08:44.939Z"}
{"level":"info","message":"Test kategorisi ekleniyor...","timestamp":"2025-06-17T13:08:44.940Z"}
{"level":"info","message":"Test kategorisi eklendi","timestamp":"2025-06-17T13:08:44.957Z"}
{"level":"info","message":"Test ürünü ekleniyor...","timestamp":"2025-06-17T13:08:44.958Z"}
{"level":"info","message":"Test ürünü eklendi","timestamp":"2025-06-17T13:08:44.968Z"}
{"level":"info","message":"Ürün kodu servisi test ediliyor...","timestamp":"2025-06-17T13:08:44.969Z"}
{"level":"warn","message":"Ürün kodu bulunamadı, yedek kod oluşturuldu: FALLBACK-MC0JHG6H-D5M","timestamp":"2025-06-17T13:08:44.970Z"}
{"level":"info","message":"Ürün kodu: FALLBACK-MC0JHG6H-D5M","timestamp":"2025-06-17T13:08:44.970Z"}
{"level":"info","message":"Fiyat karşılaştırma servisi test ediliyor...","timestamp":"2025-06-17T13:08:44.970Z"}
{"level":"error","message":"Bildirim gönderme hatası: change.change_percentage.toFixed is not a function","timestamp":"2025-06-17T13:08:44.973Z"}
{"level":"info","message":"Veritabanı bağlantısı başarılı","timestamp":"2025-06-17T13:22:12.572Z"}
{"level":"info","message":"Veritabanı durumu:","timestamp":"2025-06-17T13:22:12.576Z"}
{"level":"info","message":"Test kategorisi ekleniyor...","timestamp":"2025-06-17T13:22:12.578Z"}
{"level":"info","message":"Test kategorisi eklendi","timestamp":"2025-06-17T13:22:12.588Z"}
{"level":"info","message":"Test ürünü ekleniyor...","timestamp":"2025-06-17T13:22:12.589Z"}
{"level":"info","message":"Test ürünü eklendi","timestamp":"2025-06-17T13:22:12.602Z"}
{"level":"info","message":"Ürün kodu servisi test ediliyor...","timestamp":"2025-06-17T13:22:12.603Z"}
{"level":"info","message":"Ürün kodu:","timestamp":"2025-06-17T13:22:12.604Z"}
{"level":"info","message":"Fiyat karşılaştırma servisini test ediliyor...","timestamp":"2025-06-17T13:22:12.604Z"}
{"change_amount":-10,"change_percentage":-10,"current_price":90,"level":"info","message":"Fiyat karşılaştırma sonucu:","previous_price":100,"timestamp":"2025-06-17T13:22:12.605Z"}
{"level":"info","message":"Bildirim servisi test ediliyor...","timestamp":"2025-06-17T13:22:12.607Z"}
{"level":"error","message":"Bildirim gönderme hatası: logger.success is not a function","timestamp":"2025-06-17T13:22:13.465Z"}
{"level":"error","message":"Sistem testi sırasında hata:","timestamp":"2025-06-17T13:22:13.481Z"}
{"level":"info","message":"Veritabanı bağlantısı başarılı","timestamp":"2025-06-17T13:30:07.281Z"}
{"level":"info","message":"Veritabanı durumu:","timestamp":"2025-06-17T13:30:07.284Z"}
{"level":"info","message":"Test kategorisi ekleniyor...","timestamp":"2025-06-17T13:30:07.284Z"}
{"level":"info","message":"Test kategorisi eklendi","timestamp":"2025-06-17T13:30:07.333Z"}
{"level":"info","message":"Test ürünü ekleniyor...","timestamp":"2025-06-17T13:30:07.333Z"}
{"level":"info","message":"Test ürünü eklendi","timestamp":"2025-06-17T13:30:07.381Z"}
{"level":"info","message":"Ürün kodu servisi test ediliyor...","timestamp":"2025-06-17T13:30:07.382Z"}
{"level":"info","message":"Ürün kodu:","timestamp":"2025-06-17T13:30:07.383Z"}
{"level":"info","message":"Fiyat karşılaştırma servisini test ediliyor...","timestamp":"2025-06-17T13:30:07.383Z"}
{"change_amount":-10,"change_percentage":-10,"current_price":90,"level":"info","message":"Fiyat karşılaştırma sonucu:","previous_price":100,"timestamp":"2025-06-17T13:30:07.385Z"}
{"level":"info","message":"Bildirim servisi test ediliyor...","timestamp":"2025-06-17T13:30:07.386Z"}
{"level":"error","message":"Bildirim gönderme hatası: logger.success is not a function","timestamp":"2025-06-17T13:30:12.976Z"}
{"level":"error","message":"Sistem testi sırasında hata:","timestamp":"2025-06-17T13:30:12.994Z"}
